Jan 14 18:29:18 Installed: 1:grub2-common-2.02-35.amzn2.0.4.noarch
Jan 14 18:29:21 Installed: tzdata-2018e-3.amzn2.noarch
Jan 14 18:29:21 Installed: 32:bind-license-9.9.4-61.amzn2.1.1.noarch
Jan 14 18:29:21 Installed: langtable-0.0.31-3.amzn2.noarch
Jan 14 18:29:21 Installed: langtable-data-0.0.31-3.amzn2.noarch
Jan 14 18:29:21 Installed: 1:grub2-pc-modules-2.02-35.amzn2.0.4.noarch
Jan 14 18:29:29 Installed: ncurses-base-6.0-8.20170212.amzn2.1.2.noarch
Jan 14 18:29:29 Installed: 1:system-release-2-7.amzn2.x86_64
Jan 14 18:29:29 Installed: setup-2.8.71-9.amzn2.noarch
Jan 14 18:29:29 Installed: filesystem-3.2-25.amzn2.x86_64
Jan 14 18:29:29 Installed: basesystem-10.0-7.amzn2.0.1.noarch
Jan 14 18:29:29 Installed: libgcc-7.3.1-5.amzn2.0.2.x86_64
Jan 14 18:29:29 Installed: bash-4.2.46-30.amzn2.x86_64
Jan 14 18:29:29 Installed: glibc-minimal-langpack-2.26-32.amzn2.0.1.x86_64
Jan 14 18:29:30 Installed: glibc-common-2.26-32.amzn2.0.1.x86_64
Jan 14 18:29:38 Installed: glibc-2.26-32.amzn2.0.1.x86_64
Jan 14 18:29:38 Installed: ncurses-libs-6.0-8.20170212.amzn2.1.2.x86_64
Jan 14 18:29:38 Installed: libstdc++-7.3.1-5.amzn2.0.2.x86_64
Jan 14 18:29:39 Installed: libsepol-2.5-8.1.amzn2.0.2.x86_64
Jan 14 18:29:39 Installed: pcre-8.32-17.amzn2.0.2.x86_64
Jan 14 18:29:39 Installed: libselinux-2.5-12.amzn2.0.2.x86_64
Jan 14 18:29:39 Installed: zlib-1.2.7-17.amzn2.0.2.x86_64
Jan 14 18:29:39 Installed: info-5.1-5.amzn2.x86_64
Jan 14 18:29:39 Installed: libcom_err-1.42.9-12.amzn2.0.2.x86_64
Jan 14 18:29:39 Installed: xz-libs-5.2.2-1.amzn2.0.2.x86_64
Jan 14 18:29:39 Installed: popt-1.13-16.amzn2.0.2.x86_64
Jan 14 18:29:39 Installed: libcrypt-2.26-32.amzn2.0.1.x86_64
Jan 14 18:29:39 Installed: chkconfig-1.7.4-1.amzn2.0.2.x86_64
Jan 14 18:29:39 Installed: grep-2.20-3.amzn2.0.2.x86_64
Jan 14 18:29:39 Installed: bzip2-libs-1.0.6-13.amzn2.0.2.x86_64
Jan 14 18:29:39 Installed: sed-4.2.2-5.amzn2.0.2.x86_64
Jan 14 18:29:39 Installed: libuuid-2.30.2-2.amzn2.0.4.x86_64
Jan 14 18:29:40 Installed: libxml2-2.9.1-6.amzn2.3.2.x86_64
Jan 14 18:29:40 Installed: elfutils-libelf-0.170-4.amzn2.x86_64
Jan 14 18:29:40 Installed: libdb-5.3.21-24.amzn2.0.3.x86_64
Jan 14 18:29:40 Installed: readline-6.2-10.amzn2.0.2.x86_64
Jan 14 18:29:40 Installed: libattr-2.4.46-12.amzn2.0.2.x86_64
Jan 14 18:29:40 Installed: libcap-2.22-9.amzn2.0.2.x86_64
Jan 14 18:29:40 Installed: libacl-2.2.51-14.amzn2.x86_64
Jan 14 18:29:40 Installed: nspr-4.19.0-1.amzn2.x86_64
Jan 14 18:29:40 Installed: nss-util-3.36.0-1.amzn2.x86_64
Jan 14 18:29:40 Installed: kmod-25-3.amzn2.0.2.x86_64
Jan 14 18:29:40 Installed: gawk-4.0.2-4.amzn2.1.2.x86_64
Jan 14 18:29:40 Installed: libcap-ng-0.7.5-4.amzn2.0.2.x86_64
Jan 14 18:29:40 Installed: audit-libs-2.8.1-3.amzn2.1.x86_64
Jan 14 18:29:41 Installed: libgpg-error-1.12-3.amzn2.0.3.x86_64
Jan 14 18:29:41 Installed: libgcrypt-1.5.3-14.amzn2.0.2.x86_64
Jan 14 18:29:41 Installed: tcp_wrappers-libs-7.6-77.amzn2.0.2.x86_64
Jan 14 18:29:41 Installed: sqlite-3.7.17-8.amzn2.0.2.x86_64
Jan 14 18:29:41 Installed: lua-5.1.4-15.amzn2.0.2.x86_64
Jan 14 18:29:41 Installed: which-2.20-7.amzn2.0.2.x86_64
Jan 14 18:29:41 Installed: libffi-3.0.13-18.amzn2.0.2.x86_64
Jan 14 18:29:41 Installed: keyutils-libs-1.5.8-3.amzn2.0.2.x86_64
Jan 14 18:29:41 Installed: cpio-2.11-27.amzn2.x86_64
Jan 14 18:29:41 Installed: 1:findutils-4.5.11-5.amzn2.0.2.x86_64
Jan 14 18:29:41 Installed: file-libs-5.11-33.amzn2.0.2.x86_64
Jan 14 18:29:41 Installed: expat-2.1.0-10.amzn2.0.2.x86_64
Jan 14 18:29:41 Installed: file-5.11-33.amzn2.0.2.x86_64
Jan 14 18:29:41 Installed: nss-softokn-freebl-3.36.0-5.amzn2.x86_64
Jan 14 18:29:41 Installed: 1:gdbm-1.13-6.amzn2.0.2.x86_64
Jan 14 18:29:42 Installed: groff-base-1.22.2-8.amzn2.0.2.x86_64
Jan 14 18:29:42 Installed: diffutils-3.3-4.amzn2.0.2.x86_64
Jan 14 18:29:42 Installed: libidn-1.28-4.amzn2.0.2.x86_64
Jan 14 18:29:42 Installed: libunistring-0.9.3-9.amzn2.0.2.x86_64
Jan 14 18:29:49 Installed: GeoIP-1.5.0-11.amzn2.0.2.x86_64
Jan 14 18:29:49 Installed: hunspell-en-US-0.20121024-6.amzn2.0.1.noarch
Jan 14 18:29:49 Installed: hunspell-1.3.2-15.amzn2.0.2.x86_64
Jan 14 18:29:49 Installed: libnl3-3.2.28-4.amzn2.0.1.x86_64
Jan 14 18:29:50 Installed: lz4-1.7.5-2.amzn2.0.1.x86_64
Jan 14 18:29:50 Installed: libverto-0.2.5-4.amzn2.0.2.x86_64
Jan 14 18:29:50 Installed: libnl3-cli-3.2.28-4.amzn2.0.1.x86_64
Jan 14 18:29:50 Installed: nss-softokn-3.36.0-5.amzn2.x86_64
Jan 14 18:29:50 Installed: p11-kit-0.23.5-3.amzn2.0.2.x86_64
Jan 14 18:29:50 Installed: libassuan-2.1.0-3.amzn2.0.2.x86_64
Jan 14 18:29:50 Installed: kmod-libs-25-3.amzn2.0.2.x86_64
Jan 14 18:29:50 Installed: e2fsprogs-libs-1.42.9-12.amzn2.0.2.x86_64
Jan 14 18:29:50 Installed: libgomp-7.3.1-5.amzn2.0.2.x86_64
Jan 14 18:29:50 Installed: boost-system-1.53.0-27.amzn2.0.3.x86_64
Jan 14 18:29:50 Installed: libedit-3.0-12.20121213cvs.amzn2.0.2.x86_64
Jan 14 18:29:50 Installed: libnfnetlink-1.0.1-4.amzn2.0.2.x86_64
Jan 14 18:29:50 Installed: libref_array-0.1.5-29.amzn2.x86_64
Jan 14 18:29:50 Installed: libmnl-1.0.3-7.amzn2.0.2.x86_64
Jan 14 18:29:50 Installed: iproute-4.15.0-1.amzn2.0.3.x86_64
Jan 14 18:29:50 Installed: libjpeg-turbo-1.2.90-5.amzn2.0.2.x86_64
Jan 14 18:29:51 Installed: freetype-2.4.11-15.amzn2.0.2.x86_64
Jan 14 18:29:51 Installed: yajl-2.0.4-4.amzn2.0.1.x86_64
Jan 14 18:29:51 Installed: pciutils-libs-3.5.1-3.amzn2.x86_64
Jan 14 18:29:51 Installed: libcollection-0.7.0-29.amzn2.x86_64
Jan 14 18:29:51 Installed: libaio-0.3.109-13.amzn2.0.2.x86_64
Jan 14 18:29:51 Installed: slang-2.2.4-11.amzn2.0.2.x86_64
Jan 14 18:29:51 Installed: newt-0.52.15-4.amzn2.0.2.x86_64
Jan 14 18:29:51 Installed: hostname-3.13-3.amzn2.0.2.x86_64
Jan 14 18:29:51 Installed: libbasicobjects-0.1.1-29.amzn2.x86_64
Jan 14 18:29:51 Installed: device-mapper-persistent-data-0.7.3-3.amzn2.x86_64
Jan 14 18:29:51 Installed: libnetfilter_conntrack-1.0.6-1.amzn2.0.2.x86_64
Jan 14 18:29:51 Installed: boost-thread-1.53.0-27.amzn2.0.3.x86_64
Jan 14 18:29:51 Installed: libteam-1.27-4.amzn2.x86_64
Jan 14 18:29:51 Installed: hunspell-en-GB-0.20121024-6.amzn2.0.1.noarch
Jan 14 18:29:51 Installed: libidn2-2.0.4-1.amzn2.0.2.x86_64
Jan 14 18:29:51 Installed: less-458-9.amzn2.0.2.x86_64
Jan 14 18:29:51 Installed: perl-HTTP-Tiny-0.033-3.amzn2.noarch
Jan 14 18:29:51 Installed: 1:perl-parent-0.225-244.amzn2.0.1.noarch
Jan 14 18:29:51 Installed: perl-podlators-2.5.1-3.amzn2.0.1.noarch
Jan 14 18:29:51 Installed: perl-Pod-Perldoc-3.20-4.amzn2.noarch
Jan 14 18:29:51 Installed: 1:perl-Pod-Escapes-1.04-292.amzn2.0.2.noarch
Jan 14 18:29:52 Installed: perl-Encode-2.51-7.amzn2.0.2.x86_64
Jan 14 18:29:52 Installed: perl-Text-ParseWords-3.29-4.amzn2.noarch
Jan 14 18:29:52 Installed: perl-Pod-Usage-1.63-3.amzn2.noarch
Jan 14 18:29:52 Installed: 4:perl-libs-5.16.3-292.amzn2.0.2.x86_64
Jan 14 18:29:52 Installed: 4:perl-macros-5.16.3-292.amzn2.0.2.x86_64
Jan 14 18:29:52 Installed: 4:perl-Time-HiRes-1.9725-3.amzn2.0.2.x86_64
Jan 14 18:29:52 Installed: perl-constant-1.27-2.amzn2.0.1.noarch
Jan 14 18:29:52 Installed: perl-threads-1.87-4.amzn2.0.2.x86_64
Jan 14 18:29:52 Installed: perl-Carp-1.26-244.amzn2.noarch
Jan 14 18:29:52 Installed: perl-Filter-1.49-3.amzn2.0.2.x86_64
Jan 14 18:29:52 Installed: perl-Socket-2.010-4.amzn2.0.2.x86_64
Jan 14 18:29:52 Installed: perl-Storable-2.45-3.amzn2.0.2.x86_64
Jan 14 18:29:52 Installed: perl-Time-Local-1.2300-2.amzn2.noarch
Jan 14 18:29:52 Installed: perl-File-Path-2.09-2.amzn2.noarch
Jan 14 18:29:52 Installed: perl-PathTools-3.40-5.amzn2.0.2.x86_64
Jan 14 18:29:52 Installed: perl-threads-shared-1.43-6.amzn2.0.2.x86_64
Jan 14 18:29:52 Installed: perl-File-Temp-0.23.01-3.amzn2.noarch
Jan 14 18:29:52 Installed: perl-Scalar-List-Utils-1.27-248.amzn2.0.2.x86_64
Jan 14 18:29:52 Installed: perl-Exporter-5.68-3.amzn2.noarch
Jan 14 18:29:52 Installed: 1:perl-Pod-Simple-3.28-4.amzn2.noarch
Jan 14 18:29:52 Installed: perl-Getopt-Long-2.40-3.amzn2.noarch
Jan 14 18:29:55 Installed: 4:perl-5.16.3-292.amzn2.0.2.x86_64
Jan 14 18:29:55 Installed: libmetalink-0.1.2-7.amzn2.0.2.x86_64
Jan 14 18:29:55 Installed: keyutils-1.5.8-3.amzn2.0.2.x86_64
Jan 14 18:29:55 Installed: tcp_wrappers-7.6-77.amzn2.0.2.x86_64
Jan 14 18:29:55 Installed: 2:tar-1.26-34.amzn2.x86_64
Jan 14 18:29:55 Installed: acl-2.2.51-14.amzn2.x86_64
Jan 14 18:29:55 Installed: 2:vim-minimal-7.4.160-4.amzn2.0.16.x86_64
Jan 14 18:29:55 Installed: attr-2.4.46-12.amzn2.0.2.x86_64
Jan 14 18:29:55 Installed: libdb-utils-5.3.21-24.amzn2.0.3.x86_64
Jan 14 18:29:55 Installed: libdwarf-20130207-4.amzn2.0.2.x86_64
Jan 14 18:29:55 Installed: pinentry-0.8.1-17.amzn2.0.2.x86_64
Jan 14 18:29:55 Installed: sysvinit-tools-2.88-14.dsf.amzn2.0.2.x86_64
Jan 14 18:29:55 Installed: xz-5.2.2-1.amzn2.0.2.x86_64
Jan 14 18:29:55 Installed: libss-1.42.9-12.amzn2.0.2.x86_64
Jan 14 18:29:55 Installed: 1:make-3.82-23.amzn2.0.2.x86_64
Jan 14 18:29:55 Installed: libselinux-utils-2.5-12.amzn2.0.2.x86_64
Jan 14 18:29:57 Installed: libicu-50.1.2-15.amzn2.0.2.x86_64
Jan 14 18:29:57 Installed: libconfig-1.4.9-5.amzn2.0.2.x86_64
Jan 14 18:29:57 Installed: boost-date-time-1.53.0-27.amzn2.0.3.x86_64
Jan 14 18:29:58 Installed: dyninst-9.3.1-1.amzn2.0.2.x86_64
Jan 14 18:29:58 Installed: 1:gmp-6.0.0-15.amzn2.0.2.x86_64
Jan 14 18:29:58 Installed: ncurses-6.0-8.20170212.amzn2.1.2.x86_64
Jan 14 18:29:58 Installed: libpipeline-1.2.3-3.amzn2.0.2.x86_64
Jan 14 18:29:58 Installed: numactl-libs-2.0.9-7.amzn2.x86_64
Jan 14 18:29:58 Installed: libsmartcols-2.30.2-2.amzn2.0.4.x86_64
Jan 14 18:29:58 Installed: lm_sensors-libs-3.4.0-4.20160601gitf9185e5.amzn2.0.2.x86_64
Jan 14 18:29:58 Installed: sgpio-1.2.0.10-13.amzn2.0.1.x86_64
Jan 14 18:29:58 Installed: libwebp-0.3.0-7.amzn2.x86_64
Jan 14 18:29:58 Installed: libseccomp-2.3.1-3.amzn2.0.3.x86_64
Jan 14 18:29:58 Installed: qrencode-libs-3.4.1-3.amzn2.0.2.x86_64
Jan 14 18:29:58 Installed: jansson-2.10-1.amzn2.0.2.x86_64
Jan 14 18:29:58 Installed: 14:libpcap-1.5.3-11.amzn2.x86_64
Jan 14 18:29:58 Installed: libdaemon-0.14-7.amzn2.0.2.x86_64
Jan 14 18:29:58 Installed: libpath_utils-0.2.1-29.amzn2.x86_64
Jan 14 18:29:59 Installed: libini_config-1.3.1-29.amzn2.x86_64
Jan 14 18:29:59 Installed: libsss_idmap-1.16.2-13.amzn2.0.1.x86_64
Jan 14 18:29:59 Installed: jbigkit-libs-2.0-11.amzn2.0.2.x86_64
Jan 14 18:29:59 Installed: libtiff-4.0.3-27.amzn2.0.2.x86_64
Jan 14 18:29:59 Installed: pth-2.0.7-23.amzn2.0.2.x86_64
Jan 14 18:29:59 Installed: 1:dmidecode-3.0-5.amzn2.0.2.x86_64
Jan 14 18:29:59 Installed: libnghttp2-1.31.1-1.amzn2.0.2.x86_64
Jan 14 18:29:59 Installed: libfastjson-0.99.4-2.amzn2.0.2.x86_64
Jan 14 18:29:59 Installed: libestr-0.1.9-2.amzn2.0.2.x86_64
Jan 14 18:29:59 Installed: libyaml-0.1.4-11.amzn2.0.2.x86_64
Jan 14 18:29:59 Installed: libtasn1-4.10-1.amzn2.0.2.x86_64
Jan 14 18:29:59 Installed: p11-kit-trust-0.23.5-3.amzn2.0.2.x86_64
Jan 14 18:30:00 Installed: ca-certificates-2018.2.22-70.0.amzn2.noarch
Jan 14 18:30:01 Installed: coreutils-8.22-21.amzn2.x86_64
Jan 14 18:30:01 Installed: 1:openssl-libs-1.0.2k-16.amzn2.0.1.x86_64
Jan 14 18:30:01 Installed: krb5-libs-1.15.1-20.amzn2.0.1.x86_64
Jan 14 18:30:03 Installed: python-libs-2.7.14-58.amzn2.0.4.x86_64
Jan 14 18:30:03 Installed: python-2.7.14-58.amzn2.0.4.x86_64
Jan 14 18:30:03 Installed: libblkid-2.30.2-2.amzn2.0.4.x86_64
Jan 14 18:30:03 Installed: python-six-1.9.0-2.amzn2.noarch
Jan 14 18:30:03 Installed: libmount-2.30.2-2.amzn2.0.4.x86_64
Jan 14 18:30:04 Installed: glib2-2.54.2-2.amzn2.x86_64
Jan 14 18:30:04 Installed: shared-mime-info-1.8-4.amzn2.x86_64
Jan 14 18:30:04 Installed: python2-setuptools-38.4.0-3.amzn2.0.6.noarch
Jan 14 18:30:05 Installed: gzip-1.5-10.amzn2.x86_64
Jan 14 18:30:05 Installed: cracklib-2.9.0-11.amzn2.0.2.x86_64
Jan 14 18:30:05 Installed: 1:pkgconfig-0.27.1-4.amzn2.0.2.x86_64
Jan 14 18:30:05 Installed: cyrus-sasl-lib-2.1.26-23.amzn2.x86_64
Jan 14 18:30:05 Installed: cracklib-dicts-2.9.0-11.amzn2.0.2.x86_64
Jan 14 18:30:05 Installed: libpwquality-1.2.3-5.amzn2.x86_64
Jan 14 18:30:06 Installed: pam-1.1.8-22.amzn2.x86_64
Jan 14 18:30:06 Installed: libcroco-0.6.11-1.amzn2.0.2.x86_64
Jan 14 18:30:06 Installed: python2-pyasn1-0.1.9-7.amzn2.0.1.noarch
Jan 14 18:30:06 Installed: python-ipaddress-1.0.16-2.amzn2.noarch
Jan 14 18:30:06 Installed: PyYAML-3.10-11.amzn2.0.2.x86_64
Jan 14 18:30:06 Installed: python-chardet-2.2.1-1.amzn2.noarch
Jan 14 18:30:06 Installed: 1:openssl-1.0.2k-16.amzn2.0.1.x86_64
Jan 14 18:30:06 Installed: libtirpc-0.2.4-0.10.amzn2.0.2.x86_64
Jan 14 18:30:06 Installed: libevent-2.0.21-4.amzn2.0.2.x86_64
Jan 14 18:30:06 Installed: libverto-libevent-0.2.5-4.amzn2.0.2.x86_64
Jan 14 18:30:06 Installed: python-kitchen-1.1.1-5.amzn2.noarch
Jan 14 18:30:06 Installed: python2-rsa-3.4.1-1.amzn2.noarch
Jan 14 18:30:06 Installed: gettext-libs-0.19.8.1-2.amzn2.0.2.x86_64
Jan 14 18:30:07 Installed: gettext-0.19.8.1-2.amzn2.0.2.x86_64
Jan 14 18:30:07 Installed: python-devel-2.7.14-58.amzn2.0.4.x86_64
Jan 14 18:30:07 Installed: yum-metadata-parser-1.1.4-10.amzn2.0.2.x86_64
Jan 14 18:30:07 Installed: 1:python2-dateutil-2.6.0-3.amzn2.0.1.noarch
Jan 14 18:30:07 Installed: e2fsprogs-1.42.9-12.amzn2.0.2.x86_64
Jan 14 18:30:07 Installed: libfdisk-2.30.2-2.amzn2.0.4.x86_64
Jan 14 18:30:07 Installed: grubby-8.28-23.amzn2.0.1.x86_64
Jan 14 18:30:07 Installed: xfsprogs-4.5.0-15.amzn2.x86_64
Jan 14 18:30:07 Installed: python-ply-3.4-11.amzn2.noarch
Jan 14 18:30:08 Installed: python-pycparser-2.14-1.amzn2.noarch
Jan 14 18:30:08 Installed: python-cffi-1.6.0-5.amzn2.0.2.x86_64
Jan 14 18:30:08 Installed: python-configobj-4.7.2-7.amzn2.noarch
Jan 14 18:30:08 Installed: pyliblzma-0.5.3-11.amzn2.0.2.x86_64
Jan 14 18:30:08 Installed: python-enum34-1.0.4-1.amzn2.noarch
Jan 14 18:30:08 Installed: python-babel-0.9.6-8.amzn2.0.1.noarch
Jan 14 18:30:08 Installed: python-idna-2.4-1.amzn2.noarch
Jan 14 18:30:08 Installed: python2-cryptography-1.7.2-2.amzn2.x86_64
Jan 14 18:30:08 Installed: python-jwcrypto-0.4.2-1.amzn2.noarch
Jan 14 18:30:08 Installed: python2-oauthlib-2.0.1-8.amzn2.0.1.noarch
Jan 14 18:30:08 Installed: newt-python-0.52.15-4.amzn2.0.2.x86_64
Jan 14 18:30:08 Installed: python-colorama-0.3.2-3.amzn2.noarch
Jan 14 18:30:08 Installed: 1:python-lockfile-0.9.1-4.amzn2.noarch
Jan 14 18:30:08 Installed: python-daemon-1.6-4.amzn2.noarch
Jan 14 18:30:08 Installed: libxml2-python-2.9.1-6.amzn2.3.2.x86_64
Jan 14 18:30:09 Installed: python-simplejson-3.2.0-1.amzn2.0.2.x86_64
Jan 14 18:30:09 Installed: pystache-0.5.3-2.amzn2.noarch
Jan 14 18:30:09 Installed: python-pillow-2.0.0-19.gitd1c6db8.amzn2.0.2.x86_64
Jan 14 18:30:09 Installed: python-docutils-0.12-0.2.20140510svn7747.amzn2.noarch
Jan 14 18:30:09 Installed: python-jsonpointer-1.9-2.amzn2.noarch
Jan 14 18:30:09 Installed: python-jsonpatch-1.2-4.amzn2.noarch
Jan 14 18:30:09 Installed: python2-jmespath-0.9.3-1.amzn2.0.1.noarch
Jan 14 18:30:11 Installed: python2-botocore-1.10.79-1.amzn2.1.1.noarch
Jan 14 18:30:11 Installed: python-repoze-lru-0.4-3.amzn2.noarch
Jan 14 18:30:11 Installed: python2-jsonschema-2.5.1-3.amzn2.0.1.noarch
Jan 14 18:30:11 Installed: python2-futures-3.0.5-1.amzn2.noarch
Jan 14 18:30:11 Installed: python2-s3transfer-0.1.12-1.amzn2.0.1.noarch
Jan 14 18:30:11 Installed: python-iniparse-0.4-9.amzn2.noarch
Jan 14 18:30:11 Installed: python-backports-1.0-8.amzn2.0.2.x86_64
Jan 14 18:30:11 Installed: python-backports-ssl_match_hostname-3.5.0.1-1.amzn2.noarch
Jan 14 18:30:11 Installed: python-urllib3-1.10.2-3.amzn2.0.1.noarch
Jan 14 18:30:11 Installed: python-requests-2.6.0-1.amzn2.noarch
Jan 14 18:30:11 Installed: langtable-python-0.0.31-3.amzn2.noarch
Jan 14 18:30:11 Installed: python-markupsafe-0.11-10.amzn2.0.2.x86_64
Jan 14 18:30:11 Installed: python-jinja2-2.7.2-2.amzn2.noarch
Jan 14 18:30:11 Installed: pyxattr-0.5.1-5.amzn2.0.2.x86_64
Jan 14 18:30:11 Installed: 32:bind-libs-9.9.4-61.amzn2.1.1.x86_64
Jan 14 18:30:11 Installed: 32:bind-libs-lite-9.9.4-61.amzn2.1.1.x86_64
Jan 14 18:30:12 Installed: 1:mariadb-libs-5.5.60-1.amzn2.x86_64
Jan 14 18:30:12 Installed: fipscheck-lib-1.4.1-6.amzn2.0.2.x86_64
Jan 14 18:30:12 Installed: fipscheck-1.4.1-6.amzn2.0.2.x86_64
Jan 14 18:30:12 Installed: libssh2-1.4.3-10.amzn2.1.2.x86_64
Jan 14 18:30:12 Installed: logrotate-3.8.6-15.amzn2.x86_64
Jan 14 18:30:12 Installed: generic-logos-18.0.0-4.amzn2.noarch
Jan 14 18:30:13 Installed: binutils-2.29.1-27.amzn2.0.1.x86_64
Jan 14 18:30:13 Installed: nss-pem-1.0.3-5.amzn2.x86_64
Jan 14 18:30:13 Installed: nss-sysinit-3.36.0-7.amzn2.x86_64
Jan 14 18:30:13 Installed: nss-3.36.0-7.amzn2.x86_64
Jan 14 18:30:14 Installed: nss-tools-3.36.0-7.amzn2.x86_64
Jan 14 18:30:14 Installed: libcurl-7.55.1-12.amzn2.0.7.x86_64
Jan 14 18:30:14 Installed: curl-7.55.1-12.amzn2.0.7.x86_64
Jan 14 18:30:14 Installed: rpm-libs-4.11.3-25.amzn2.0.3.x86_64
Jan 14 18:30:14 Installed: rpm-4.11.3-25.amzn2.0.3.x86_64
Jan 14 18:30:14 Installed: openldap-2.4.44-15.amzn2.x86_64
Jan 14 18:30:14 Installed: libuser-0.60-9.amzn2.x86_64
Jan 14 18:30:15 Installed: gnupg2-2.0.22-5.amzn2.0.2.x86_64
Jan 14 18:30:15 Installed: rpm-build-libs-4.11.3-25.amzn2.0.3.x86_64
Jan 14 18:30:15 Installed: rpm-python-4.11.3-25.amzn2.0.3.x86_64
Jan 14 18:30:15 Installed: gpgme-1.3.2-5.amzn2.0.2.x86_64
Jan 14 18:30:15 Installed: pygpgme-0.3-9.amzn2.0.2.x86_64
Jan 14 18:30:15 Installed: passwd-0.79-4.amzn2.0.2.x86_64
Jan 14 18:30:15 Installed: libnfsidmap-0.25-19.amzn2.x86_64
Jan 14 18:30:16 Installed: sudo-1.8.19p2-14.amzn2.x86_64
Jan 14 18:30:16 Installed: python-pycurl-7.19.0-19.amzn2.0.2.x86_64
Jan 14 18:30:16 Installed: python-urlgrabber-3.10-8.amzn2.noarch
Jan 14 18:30:16 Installed: yum-3.4.3-158.amzn2.0.2.noarch
Jan 14 18:30:16 Installed: libsss_nss_idmap-1.16.2-13.amzn2.0.1.x86_64
Jan 14 18:30:16 Installed: libsysfs-2.1.0-16.amzn2.0.2.x86_64
Jan 14 18:30:16 Installed: ustr-1.0.4-16.amzn2.0.3.x86_64
Jan 14 18:30:16 Installed: libsemanage-2.5-11.amzn2.x86_64
Jan 14 18:30:16 Installed: 2:shadow-utils-4.1.5.1-24.amzn2.0.2.x86_64
Jan 14 18:30:16 Installed: libutempter-1.1.6-4.amzn2.0.2.x86_64
Jan 14 18:30:17 Installed: util-linux-2.30.2-2.amzn2.0.4.x86_64
Jan 14 18:30:17 Installed: 7:device-mapper-1.02.146-4.amzn2.0.2.x86_64
Jan 14 18:30:17 Installed: 7:device-mapper-libs-1.02.146-4.amzn2.0.2.x86_64
Jan 14 18:30:17 Installed: cryptsetup-libs-1.7.4-4.amzn2.x86_64
Jan 14 18:30:17 Installed: elfutils-libs-0.170-4.amzn2.x86_64
Jan 14 18:30:17 Installed: systemd-libs-219-57.amzn2.0.7.x86_64
Jan 14 18:30:17 Installed: 1:dbus-libs-1.10.24-7.amzn2.x86_64
Jan 14 18:30:19 Installed: systemd-219-57.amzn2.0.7.x86_64
Jan 14 18:30:19 Installed: elfutils-default-yama-scope-0.170-4.amzn2.noarch
Jan 14 18:30:19 Installed: 1:dbus-1.10.24-7.amzn2.x86_64
Jan 14 18:30:19 Installed: systemd-sysv-219-57.amzn2.0.7.x86_64
Jan 14 18:30:19 Installed: 7:device-mapper-event-libs-1.02.146-4.amzn2.0.2.x86_64
Jan 14 18:30:19 Installed: cronie-anacron-1.4.11-19.amzn2.x86_64
Jan 14 18:30:19 Installed: cronie-1.4.11-19.amzn2.x86_64
Jan 14 18:30:19 Installed: crontabs-1.11-6.20121102git.amzn2.noarch
Jan 14 18:30:20 Installed: procps-ng-3.3.10-17.amzn2.2.2.x86_64
Jan 14 18:30:20 Installed: 1:grub2-tools-minimal-2.02-35.amzn2.0.4.x86_64
Jan 14 18:30:20 Installed: policycoreutils-2.5-22.amzn2.x86_64
Jan 14 18:30:21 Installed: openssh-7.4p1-16.amzn2.0.5.x86_64
Jan 14 18:30:21 Installed: 7:device-mapper-event-1.02.146-4.amzn2.0.2.x86_64
Jan 14 18:30:21 Installed: rpcbind-0.2.0-44.amzn2.x86_64
Jan 14 18:30:21 Installed: iputils-20160308-10.amzn2.0.2.x86_64
Jan 14 18:30:21 Installed: initscripts-9.49.39-1.amzn2.0.2.x86_64
Jan 14 18:30:21 Installed: libstoragemgmt-python-1.6.1-2.amzn2.noarch
Jan 14 18:30:21 Installed: libstoragemgmt-1.6.1-2.amzn2.x86_64
Jan 14 18:30:21 Installed: libstoragemgmt-python-clibs-1.6.1-2.amzn2.x86_64
Jan 14 18:30:22 Installed: hwdata-0.252-8.8.amzn2.x86_64
Jan 14 18:30:22 Installed: os-prober-1.58-9.amzn2.0.2.x86_64
Jan 14 18:30:22 Installed: 12:dhcp-libs-4.2.5-68.amzn2.1.5.x86_64
Jan 14 18:30:22 Installed: kpartx-0.4.9-119.amzn2.1.x86_64
Jan 14 18:30:22 Installed: dmraid-events-1.0.0.rc16-28.amzn2.0.2.x86_64
Jan 14 18:30:22 Installed: dmraid-1.0.0.rc16-28.amzn2.0.2.x86_64
Jan 14 18:30:22 Installed: 12:dhcp-common-4.2.5-68.amzn2.1.5.x86_64
Jan 14 18:30:22 Installed: 12:dhclient-4.2.5-68.amzn2.1.5.x86_64
Jan 14 18:30:22 Installed: libpciaccess-0.14-1.amzn2.x86_64
Jan 14 18:30:23 Installed: libdrm-2.4.83-2.amzn2.0.2.x86_64
Jan 14 18:30:23 Installed: 7:lvm2-libs-2.02.177-4.amzn2.0.2.x86_64
Jan 14 18:30:23 Installed: openssh-server-7.4p1-16.amzn2.0.5.x86_64
Jan 14 18:30:23 Installed: selinux-policy-3.13.1-192.amzn2.6.noarch
Jan 14 18:30:23 Installed: rsyslog-8.24.0-16.amzn2.6.1.x86_64
Jan 14 18:30:23 Installed: net-tools-2.0-0.22.20131004git.amzn2.0.2.x86_64
Jan 14 18:30:23 Installed: gssproxy-0.7.0-17.amzn2.x86_64
Jan 14 18:30:23 Installed: plymouth-core-libs-0.8.9-0.28.20140113.amzn2.0.2.x86_64
Jan 14 18:30:23 Installed: usermode-1.111-5.amzn2.0.2.x86_64
Jan 14 18:30:23 Installed: pcre2-10.23-2.amzn2.0.2.x86_64
Jan 14 18:30:24 Installed: 1:hardlink-1.3-3.amzn2.x86_64
Jan 14 18:30:24 Installed: dracut-033-535.amzn2.1.2.x86_64
Jan 14 18:30:24 Installed: 1:grub2-tools-2.02-35.amzn2.0.4.x86_64
Jan 14 18:30:25 Installed: 1:grub2-tools-extra-2.02-35.amzn2.0.4.x86_64
Jan 14 18:30:25 Installed: 1:grub2-pc-2.02-35.amzn2.0.4.x86_64
Jan 14 18:30:25 Installed: plymouth-scripts-0.8.9-0.28.20140113.amzn2.0.2.x86_64
Jan 14 18:30:25 Installed: plymouth-0.8.9-0.28.20140113.amzn2.0.2.x86_64
Jan 14 18:30:25 Installed: gpm-libs-1.20.7-15.amzn2.0.2.x86_64
Jan 14 18:30:25 Installed: kbd-misc-1.15.5-13.amzn2.0.2.noarch
Jan 14 18:30:25 Installed: 2:vim-filesystem-7.4.160-4.amzn2.0.16.x86_64
Jan 14 18:30:27 Installed: 2:vim-common-7.4.160-4.amzn2.0.16.x86_64
Jan 14 18:30:27 Installed: 1:quota-nls-4.01-17.amzn2.noarch
Jan 14 18:30:27 Installed: 1:quota-4.01-17.amzn2.x86_64
Jan 14 18:30:27 Installed: kbd-legacy-1.15.5-13.amzn2.0.2.noarch
Jan 14 18:30:27 Installed: kbd-1.15.5-13.amzn2.0.2.x86_64
Jan 14 18:30:27 Installed: pm-utils-1.4.1-27.amzn2.0.1.x86_64
Jan 14 18:30:27 Installed: hibagent-1.1.0-5.amzn2.noarch
Jan 14 18:30:27 Installed: 1:nfs-utils-1.3.0-0.54.amzn2.0.2.x86_64
Jan 14 18:30:27 Installed: 2:vim-enhanced-7.4.160-4.amzn2.0.16.x86_64
Jan 14 18:30:27 Installed: 1:grub2-2.02-35.amzn2.0.4.x86_64
Jan 14 18:30:27 Installed: dracut-config-generic-033-535.amzn2.1.2.x86_64
Jan 14 18:30:32 Installed: kernel-4.14.88-88.76.amzn2.x86_64
Jan 14 18:30:32 Installed: setuptool-1.19.11-8.amzn2.0.1.x86_64
Jan 14 18:30:32 Installed: cloud-init-18.2-72.amzn2.0.6.noarch
Jan 14 18:30:33 Installed: selinux-policy-targeted-3.13.1-192.amzn2.6.noarch
Jan 14 18:30:33 Installed: ec2-instance-connect-1.0-3.amzn2.noarch
Jan 14 18:30:34 Installed: 7:lvm2-2.02.177-4.amzn2.0.2.x86_64
Jan 14 18:30:34 Installed: ec2-net-utils-1.1-1.1.amzn2.noarch
Jan 14 18:30:34 Installed: pciutils-3.5.1-3.amzn2.x86_64
Jan 14 18:30:34 Installed: openssh-clients-7.4p1-16.amzn2.0.5.x86_64
Jan 14 18:30:34 Installed: authconfig-6.2.8-30.amzn2.0.2.x86_64
Jan 14 18:30:34 Installed: mlocate-0.26-8.amzn2.x86_64
Jan 14 18:30:34 Installed: sysstat-10.1.5-13.amzn2.x86_64
Jan 14 18:30:36 Installed: 2:postfix-2.10.1-6.amzn2.0.3.x86_64
Jan 14 18:30:36 Installed: psacct-6.6.1-13.amzn2.0.2.x86_64
Jan 14 18:30:36 Installed: audit-2.8.1-3.amzn2.1.x86_64
Jan 14 18:30:36 Installed: rsync-3.1.2-4.amzn2.x86_64
Jan 14 18:30:36 Installed: update-motd-1.1.2-2.amzn2.noarch
Jan 14 18:30:36 Installed: chrony-3.2-1.amzn2.0.4.x86_64
Jan 14 18:30:36 Installed: mdadm-4.0-5.amzn2.0.2.x86_64
Jan 14 18:30:40 Installed: amazon-ssm-agent-2.3.372.0-1.amzn2.x86_64
Jan 14 18:30:40 Installed: at-3.1.13-23.amzn2.x86_64
Jan 14 18:30:40 Installed: rng-tools-5-13.amzn2.x86_64
Jan 14 18:30:40 Installed: rpm-plugin-systemd-inhibit-4.11.3-25.amzn2.0.3.x86_64
Jan 14 18:30:40 Installed: teamd-1.27-4.amzn2.x86_64
Jan 14 18:30:40 Installed: cryptsetup-1.7.4-4.amzn2.x86_64
Jan 14 18:30:40 Installed: parted-3.1-29.amzn2.x86_64
Jan 14 18:30:40 Installed: virt-what-1.18-4.amzn2.x86_64
Jan 14 18:30:40 Installed: cloud-utils-growpart-0.29-2.amzn2.noarch
Jan 14 18:30:41 Installed: screen-4.1.0-0.25.20120314git3c2946.amzn2.x86_64
Jan 14 18:30:41 Installed: systemtap-runtime-3.2-4.amzn2.0.2.x86_64
Jan 14 18:30:41 Installed: 14:tcpdump-4.9.2-3.amzn2.x86_64
Jan 14 18:30:41 Installed: sssd-client-1.16.2-13.amzn2.0.1.x86_64
Jan 14 18:30:41 Installed: yum-plugin-priorities-1.1.31-46.amzn2.0.1.noarch
Jan 14 18:30:41 Installed: yum-langpacks-0.4.2-7.amzn2.noarch
Jan 14 18:30:41 Installed: yum-utils-1.1.31-46.amzn2.0.1.noarch
Jan 14 18:30:41 Installed: ec2-utils-0.5-1.amzn2.0.1.noarch
Jan 14 18:30:41 Installed: kpatch-0.4.0-3.amzn2.noarch
Jan 14 18:30:41 Installed: 32:bind-utils-9.9.4-61.amzn2.1.1.x86_64
Jan 14 18:30:42 Installed: awscli-1.15.80-1.amzn2.0.1.noarch
Jan 14 18:30:43 Installed: aws-cfn-bootstrap-1.4-31.amzn2.noarch
Jan 14 18:30:43 Installed: xfsdump-3.1.6-2.amzn2.0.1.x86_64
Jan 14 18:30:43 Installed: cyrus-sasl-plain-2.1.26-23.amzn2.x86_64
Jan 14 18:30:43 Installed: 1:bash-completion-2.1-6.amzn2.noarch
Jan 14 18:30:43 Installed: man-db-2.6.3-9.amzn2.0.2.x86_64
Jan 14 18:30:43 Installed: 2:irqbalance-1.5.0-2.amzn2.0.1.x86_64
Jan 14 18:30:43 Installed: amazon-linux-extras-1.6.4-1.amzn2.noarch
Jan 14 18:30:43 Installed: blktrace-1.0.5-8.amzn2.0.2.x86_64
Jan 14 18:30:43 Installed: wget-1.14-18.amzn2.x86_64
Jan 14 18:30:43 Installed: tcsh-6.18.01-15.amzn2.0.2.x86_64
Jan 14 18:30:43 Installed: gdisk-0.8.6-5.amzn2.0.2.x86_64
Jan 14 18:30:43 Installed: hunspell-en-0.20121024-6.amzn2.0.1.noarch
Jan 14 18:30:44 Installed: iptables-1.4.21-24.1.amzn2.x86_64
Jan 14 18:30:44 Installed: ntsysv-1.7.4-1.amzn2.0.2.x86_64
Jan 14 18:30:44 Installed: kernel-tools-4.14.88-88.76.amzn2.x86_64
Jan 14 18:30:44 Installed: nano-2.9.8-2.amzn2.0.1.x86_64
Jan 14 18:30:44 Installed: bc-1.06.95-13.amzn2.0.2.x86_64
Jan 14 18:30:44 Installed: bzip2-1.0.6-13.amzn2.0.2.x86_64
Jan 14 18:30:44 Installed: zip-3.0-11.amzn2.0.2.x86_64
Jan 14 18:30:44 Installed: unzip-6.0-19.amzn2.x86_64
Jan 14 18:30:44 Installed: time-1.7-45.amzn2.0.2.x86_64
Jan 14 18:30:44 Installed: ed-1.9-4.amzn2.0.2.x86_64
Jan 14 18:30:44 Installed: lsof-4.87-5.amzn2.x86_64
Jan 14 18:30:44 Installed: psmisc-22.20-15.amzn2.0.2.x86_64
Jan 14 18:30:44 Installed: 2:mtr-0.92-2.amzn2.x86_64
Jan 14 18:30:45 Installed: glibc-locale-source-2.26-32.amzn2.0.1.x86_64
Jan 14 18:30:50 Installed: glibc-all-langpacks-2.26-32.amzn2.0.1.x86_64
Jan 14 18:30:50 Installed: rdate-1.4-25.amzn2.0.1.x86_64
Jan 14 18:30:50 Installed: setserial-2.17-33.amzn2.0.1.x86_64
Jan 14 18:30:50 Installed: bridge-utils-1.5-9.amzn2.0.2.x86_64
Jan 14 18:30:50 Installed: dosfstools-3.0.20-9.amzn2.0.2.x86_64
Jan 14 18:30:50 Installed: strace-4.22-1.amzn2.0.2.x86_64
Jan 14 18:30:50 Installed: 2:ethtool-4.8-7.amzn2.x86_64
Jan 14 18:30:50 Installed: 3:traceroute-2.0.22-2.amzn2.0.1.x86_64
Jan 14 18:30:50 Installed: scl-utils-20130529-18.amzn2.0.1.x86_64
Jan 14 18:30:50 Installed: amazon-linux-extras-yum-plugin-1.6.4-1.amzn2.noarch
Jan 14 18:30:50 Installed: words-3.0-22.amzn2.noarch
Jan 14 18:30:52 Installed: man-pages-3.53-5.amzn2.noarch
Jan 14 18:30:52 Installed: rootfiles-8.1-11.amzn2.noarch
Jan 14 18:30:52 Installed: man-pages-overrides-7.5.2-1.amzn2.x86_64
Feb 22 18:43:57 Updated: systemd-libs-219-57.amzn2.0.9.x86_64
Feb 22 18:43:58 Updated: systemd-219-57.amzn2.0.9.x86_64
Feb 22 18:43:58 Updated: systemd-sysv-219-57.amzn2.0.9.x86_64
Feb 22 18:43:58 Updated: kernel-tools-4.14.97-90.72.amzn2.x86_64
Feb 24 01:55:43 Updated: 1:openssl-libs-1.0.2k-16.amzn2.0.2.x86_64
Feb 24 01:55:43 Updated: libcurl-7.61.1-9.amzn2.0.1.x86_64
Feb 24 01:55:43 Updated: python-urllib3-1.24.1-1.amzn2.0.1.noarch
Feb 24 01:55:45 Updated: python2-botocore-1.12.92-1.amzn2.0.1.noarch
Feb 24 01:55:46 Updated: awscli-1.16.102-1.amzn2.0.1.noarch
Feb 24 01:55:46 Updated: curl-7.61.1-9.amzn2.0.1.x86_64
Feb 24 01:55:46 Updated: 1:openssl-1.0.2k-16.amzn2.0.2.x86_64
Feb 24 01:55:47 Updated: libicu-50.1.2-17.amzn2.x86_64
Feb 24 01:55:47 Updated: setup-2.8.71-10.amzn2.noarch
Feb 24 01:55:47 Updated: xfsprogs-4.5.0-18.amzn2.0.1.x86_64
Feb 24 01:55:50 Installed: kernel-4.14.97-90.72.amzn2.x86_64
Feb 24 01:55:50 Updated: amazon-linux-extras-1.6.7-1.amzn2.noarch
Feb 24 01:55:50 Updated: amazon-linux-extras-yum-plugin-1.6.7-1.amzn2.noarch
Feb 24 01:55:50 Updated: tzdata-2018i-1.amzn2.noarch
Feb 24 02:04:54 Erased: epel-release-6-8.noarch
Feb 24 02:05:31 Installed: epel-release-7-11.noarch
Feb 24 02:10:03 Installed: fontpackages-filesystem-1.44-8.amzn2.noarch
Feb 24 02:10:03 Installed: lyx-fonts-2.2.3-1.el7.noarch
Feb 24 02:10:04 Installed: fontconfig-2.10.95-11.amzn2.0.2.x86_64
Feb 24 02:10:04 Installed: libX11-common-1.6.5-1.amzn2.0.2.noarch
Feb 24 02:10:04 Installed: 2:libpng-1.5.13-7.amzn2.0.2.x86_64
Feb 24 02:10:04 Installed: libXau-1.0.8-2.1.amzn2.0.2.x86_64
Feb 24 02:10:04 Installed: libxcb-1.12-1.amzn2.0.2.x86_64
Feb 24 02:10:04 Installed: libX11-1.6.5-1.amzn2.0.2.x86_64
Feb 24 02:10:04 Installed: libXpm-3.5.12-1.amzn2.0.2.x86_64
Feb 24 02:10:05 Installed: gd-2.0.35-26.amzn2.0.2.x86_64
Feb 24 02:10:05 Installed: libxslt-1.1.28-5.amzn2.0.2.x86_64
Feb 24 02:10:05 Installed: gperftools-libs-2.6.1-1.amzn2.x86_64
Feb 24 02:10:05 Installed: 1:nginx-filesystem-1.12.2-2.amzn2.0.1.noarch
Feb 24 02:10:05 Installed: 1:nginx-mod-http-xslt-filter-1.12.2-2.amzn2.0.1.x86_64
Feb 24 02:10:05 Installed: 1:nginx-mod-http-image-filter-1.12.2-2.amzn2.0.1.x86_64
Feb 24 02:10:05 Installed: 1:nginx-mod-http-geoip-1.12.2-2.amzn2.0.1.x86_64
Feb 24 02:10:05 Installed: 1:nginx-mod-mail-1.12.2-2.amzn2.0.1.x86_64
Feb 24 02:10:05 Installed: 1:nginx-mod-stream-1.12.2-2.amzn2.0.1.x86_64
Feb 24 02:10:05 Installed: 1:nginx-all-modules-1.12.2-2.amzn2.0.1.noarch
Feb 24 02:10:05 Installed: 1:nginx-1.12.2-2.amzn2.0.1.x86_64
Feb 24 02:10:05 Installed: 1:nginx-mod-http-perl-1.12.2-2.amzn2.0.1.x86_64
Feb 24 02:20:17 Installed: gamin-0.1.10-16.amzn2.0.2.x86_64
Feb 24 02:20:17 Installed: lighttpd-1.4.53-1.el7.x86_64
Feb 24 02:20:55 Erased: 1:nginx-mod-http-geoip-1.12.2-2.amzn2.0.1.x86_64
Feb 24 02:20:55 Erased: 1:nginx-mod-http-image-filter-1.12.2-2.amzn2.0.1.x86_64
Feb 24 02:20:55 Erased: 1:nginx-mod-http-xslt-filter-1.12.2-2.amzn2.0.1.x86_64
Feb 24 02:20:55 Erased: 1:nginx-mod-mail-1.12.2-2.amzn2.0.1.x86_64
Feb 24 02:20:55 Erased: 1:nginx-mod-stream-1.12.2-2.amzn2.0.1.x86_64
Feb 24 02:20:55 Erased: 1:nginx-all-modules-1.12.2-2.amzn2.0.1.noarch
Feb 24 02:20:55 Erased: 1:nginx-mod-http-perl-1.12.2-2.amzn2.0.1.x86_64
Feb 24 02:20:55 Erased: 1:nginx-1.12.2-2.amzn2.0.1.x86_64
Feb 24 02:55:00 Installed: oniguruma-5.9.6-1.amzn2.x86_64
Feb 24 02:55:00 Installed: jq-1.5-1.amzn2.0.2.x86_64
